2021/12/28 19:43:45 {"callers":["/home/shawn/go-programming-tour-book/blog-service/main.go: 26 main.init.0"],"level":"error","message":"app.BindAndValid errs: Key: 'State' Error:Field validation for 'State' failed on the 'oneof' tag","time":1640691825948274317}
2021/12/31 01:15:28 {"callers":["/home/shawn/go-programming-tour-book/blog-service/main.go: 26 main.init.0"],"level":"error","message":"app.BindAndValid errs: Name长度必须至少为3个字符","time":1640884528954096020}
2021/12/31 01:16:27 {"callers":["/home/shawn/go-programming-tour-book/blog-service/main.go: 26 main.init.0"],"level":"error","message":"svc.CreateTag err: Error 1366: Incorrect integer value: '\u0001' for column 'state' at row 1","time":1640884587339102700}
2021/12/31 01:16:38 {"callers":["/home/shawn/go-programming-tour-book/blog-service/main.go: 26 main.init.0"],"level":"error","message":"svc.CreateTag err: Error 1366: Incorrect integer value: '\u0001' for column 'state' at row 1","time":1640884598420369660}
2021/12/31 01:23:16 {"callers":["/home/shawn/go-programming-tour-book/blog-service/main.go: 26 main.init.0"],"level":"error","message":"app.BindAndValid errs: ID为必填字段,Name长度必须至少为3个字符,State为必填字段","time":1640884996964722286}
2021/12/31 01:23:37 {"callers":["/home/shawn/go-programming-tour-book/blog-service/main.go: 26 main.init.0"],"level":"error","message":"app.BindAndValid errs: Name长度必须至少为3个字符,State为必填字段","time":1640885017954361348}
2021/12/31 01:24:09 {"callers":["/home/shawn/go-programming-tour-book/blog-service/main.go: 26 main.init.0"],"level":"error","message":"app.BindAndValid errs: ID为必填字段,Name长度必须至少为3个字符,State为必填字段","time":1640885049960793867}
2021/12/31 01:25:14 {"callers":["/home/shawn/go-programming-tour-book/blog-service/main.go: 26 main.init.0"],"level":"error","message":"app.BindAndValid errs: Name长度必须至少为3个字符,State为必填字段","time":1640885114259637158}
2021/12/31 01:26:34 {"callers":["/home/shawn/go-programming-tour-book/blog-service/main.go: 26 main.init.0"],"level":"error","message":"app.BindAndValid errs: Name长度必须至少为3个字符,State为必填字段","time":1640885194982795442}
2021/12/31 01:32:03 {"callers":["/home/shawn/go-programming-tour-book/blog-service/main.go: 26 main.init.0"],"level":"error","message":"app.BindAndValid errs: Name长度必须至少为3个字符,State为必填字段","time":1640885523023301677}
2021/12/31 01:32:13 {"callers":["/home/shawn/go-programming-tour-book/blog-service/main.go: 26 main.init.0"],"level":"error","message":"app.BindAndValid errs: Name长度必须至少为3个字符,State为必填字段","time":1640885533311566276}
2021/12/31 01:32:34 {"callers":["/home/shawn/go-programming-tour-book/blog-service/main.go: 26 main.init.0"],"level":"error","message":"app.BindAndValid errs: State为必填字段","time":1640885554796402374}
2021/12/31 01:33:37 {"callers":["/home/shawn/go-programming-tour-book/blog-service/main.go: 26 main.init.0"],"level":"error","message":"app.BindAndValid errs: State为必填字段","time":1640885617872328804}
2021/12/31 01:35:42 {"callers":["/home/shawn/go-programming-tour-book/blog-service/main.go: 26 main.init.0"],"level":"error","message":"app.BindAndValid errs: State为必填字段","time":1640885742498309575}
2021/12/31 01:35:43 {"callers":["/home/shawn/go-programming-tour-book/blog-service/main.go: 26 main.init.0"],"level":"error","message":"app.BindAndValid errs: State为必填字段","time":1640885743840555462}
2021/12/31 01:40:11 {"callers":["/home/shawn/go-programming-tour-book/blog-service/main.go: 26 main.init.0"],"level":"error","message":"app.BindAndValid errs: Name长度必须至少为3个字符","time":1640886011812451083}
2021/12/31 01:40:33 {"callers":["/home/shawn/go-programming-tour-book/blog-service/main.go: 26 main.init.0"],"level":"error","message":"app.BindAndValid errs: Name长度必须至少为3个字符","time":1640886033482980225}
2022/01/06 23:18:03 {"callers":["/home/shawn/go-programming-tour-book/blog-service/main.go: 26 main.init.0"],"level":"error","message":"app.BindAndValid err: ID为必填字段","time":1641482283532141774}
2022/01/06 23:29:07 {"callers":["/home/shawn/go-programming-tour-book/blog-service/main.go: 26 main.init.0"],"level":"error","message":"app.BindAndValid err: CoverImageUrl必须是一个有效的URL,Title长度必须至少为2个字符,Desc长度必须至少为2个字符","time":1641482947870380892}
2022/01/06 23:31:18 {"callers":["/home/shawn/go-programming-tour-book/blog-service/main.go: 26 main.init.0"],"level":"error","message":"svc.GetArticleList err: Error 1064: You have an error in your SQL syntax; check the manual that corresponds to your MySQL server version for the right syntax to use near '.id, ar.title, ar.desc, ar.cover_image_url, ar.content, t.id AS tag_id, t.name F' at line 1","time":1641483078016391313}
2022/01/06 23:32:08 {"callers":["/home/shawn/go-programming-tour-book/blog-service/main.go: 26 main.init.0"],"level":"error","message":"svc.GetArticleList err: Error 1064: You have an error in your SQL syntax; check the manual that corresponds to your MySQL server version for the right syntax to use near '.id, ar.title, ar.desc, ar.cover_image_url, ar.content, t.id AS tag_id, t.name F' at line 1","time":1641483128927976962}
2022/01/17 17:57:14 {"callers":["/home/shawn/go-programming-tour-book/blog-service/main.go: 26 main.init.0"],"level":"error","message":"svc.UploadFile err: exceeded maximum file limit.","time":1642413434245925032}
2022/01/18 20:49:59 {"callers":["/home/shawn/go-programming-tour-book/blog-service/main.go: 26 main.init.0"],"level":"error","message":"app.BindAndValid errs: AppKey为必填字段,AppSecret为必填字段","time":1642510199232565317}
2022/01/18 20:52:56 {"callers":["/home/shawn/go-programming-tour-book/blog-service/main.go: 26 main.init.0"],"level":"error","message":"app.BindAndValid errs: AppKey为必填字段,AppSecret为必填字段","time":1642510376699082594}
